<?xml version="1.0" encoding="UTF-8"?>
<!-- Generated by org.testng.reporters.JUnitReportReporter -->
<testsuite skipped="0" hostname="MD-HOSSAIN" name="ups.com.runners.UpsRunner" tests="2" failures="0" timestamp="2020-05-26T17:20:03 EDT" time="99.489" errors="0">
  <testcase name="feature" time="52.385" classname="ups.com.runners.UpsRunner"/>
  <system-out/>
  <testcase name="feature" time="47.104" classname="ups.com.runners.UpsRunner"/>
  <system-out/>
</testsuite> <!-- ups.com.runners.UpsRunner -->
